<?xml version="1.0" encoding="utf-8"?><testsuites name="pytest tests"><testsuite name="pytest" errors="0" failures="0" skipped="0" tests="21" time="11.059" timestamp="2026-07-08T13:01:53.922977+00:00" hostname="agent-env-551a33c6-6bd2-423c-9dc1-c043821c7390"><testcase classname="backend.tests.backend_test.TestHealth" name="test_root" time="0.335" /><testcase classname="backend.tests.backend_test.TestAuth" name="test_register_new_user" time="0.279" /><testcase classname="backend.tests.backend_test.TestAuth" name="test_register_duplicate_email" time="0.332" /><testcase classname="backend.tests.backend_test.TestAuth" name="test_login_existing" time="0.270" /><testcase classname="backend.tests.backend_test.TestAuth" name="test_login_wrong_password" time="0.270" /><testcase classname="backend.tests.backend_test.TestAuth" name="test_me_with_token" time="0.060" /><testcase classname="backend.tests.backend_test.TestAuth" name="test_me_without_token" time="0.129" /><testcase classname="backend.tests.backend_test.TestMoods" name="test_create_mood_and_latest" time="0.121" /><testcase classname="backend.tests.backend_test.TestMoods" name="test_invalid_mood_rejected" time="0.061" /><testcase classname="backend.tests.backend_test.TestChat" name="test_send_chat_message_returns_emotion" time="2.433" /><testcase classname="backend.tests.backend_test.TestChat" name="test_chat_history_ascending" time="0.062" /><testcase classname="backend.tests.backend_test.TestChat" name="test_current_session" time="0.047" /><testcase classname="backend.tests.backend_test.TestChat" name="test_chat_message_with_voice" time="3.385" /><testcase classname="backend.tests.backend_test.TestVoice" name="test_tts" time="1.254" /><testcase classname="backend.tests.backend_test.TestVoice" name="test_transcribe_roundtrip" time="1.483" /><testcase classname="backend.tests.backend_test.TestActions" name="test_daily_actions_three" time="0.050" /><testcase classname="backend.tests.backend_test.TestActions" name="test_complete_action_reflects" time="0.143" /><testcase classname="backend.tests.backend_test.TestSocial" name="test_social_suggestions" time="0.063" /><testcase classname="backend.tests.backend_test.TestEvents" name="test_events_all" time="0.060" /><testcase classname="backend.tests.backend_test.TestEvents" name="test_events_filter_mindfulness" time="0.078" /><testcase classname="backend.tests.backend_test.TestEvents" name="test_categories" time="0.046" /></testsuite></testsuites>